                                      1 ;--------------------------------------------------------
                                      2 ; File Created by SDCC : free open source ISO C Compiler 
                                      3 ; Version 4.2.2 #13350 (MINGW64)
                                      4 ;--------------------------------------------------------
                                      5 	.module CoreGameLoop
                                      6 	.optsdcc -msm83
                                      7 	
                                      8 ;--------------------------------------------------------
                                      9 ; Public variables in this module
                                     10 ;--------------------------------------------------------
                                     11 	.globl _CoreGameLoopUpdate
                                     12 	.globl _CoreGameLoopSetup
                                     13 ;--------------------------------------------------------
                                     14 ; special function registers
                                     15 ;--------------------------------------------------------
                                     16 ;--------------------------------------------------------
                                     17 ; ram data
                                     18 ;--------------------------------------------------------
                                     19 	.area _DATA
                                     20 ;--------------------------------------------------------
                                     21 ; ram data
                                     22 ;--------------------------------------------------------
                                     23 	.area _INITIALIZED
                                     24 ;--------------------------------------------------------
                                     25 ; absolute external ram data
                                     26 ;--------------------------------------------------------
                                     27 	.area _DABS (ABS)
                                     28 ;--------------------------------------------------------
                                     29 ; global & static initialisations
                                     30 ;--------------------------------------------------------
                                     31 	.area _HOME
                                     32 	.area _GSINIT
                                     33 	.area _GSFINAL
                                     34 	.area _GSINIT
                                     35 ;--------------------------------------------------------
                                     36 ; Home
                                     37 ;--------------------------------------------------------
                                     38 	.area _HOME
                                     39 	.area _HOME
                                     40 ;--------------------------------------------------------
                                     41 ; code
                                     42 ;--------------------------------------------------------
                                     43 	.area _CODE
                                     44 ;res\CoreGameLoop.c:3: void CoreGameLoopSetup(){}
                                     45 ;	---------------------------------
                                     46 ; Function CoreGameLoopSetup
                                     47 ; ---------------------------------
      000000                         48 _CoreGameLoopSetup::
      000000 C9               [16]   49 	ret
                                     50 ;res\CoreGameLoop.c:4: uint8_t CoreGameLoopUpdate(){}
                                     51 ;	---------------------------------
                                     52 ; Function CoreGameLoopUpdate
                                     53 ; ---------------------------------
      000001                         54 _CoreGameLoopUpdate::
      000001 C9               [16]   55 	ret
                                     56 	.area _CODE
                                     57 	.area _INITIALIZER
                                     58 	.area _CABS (ABS)
